ARM GAS  C:\Users\jisu8\AppData\Local\Temp\ccWzkhYt.s 			page 1


   1              		.cpu cortex-m4
   2              		.arch armv7e-m
   3              		.fpu fpv4-sp-d16
   4              		.eabi_attribute 27, 1
   5              		.eabi_attribute 28, 1
   6              		.eabi_attribute 20, 1
   7              		.eabi_attribute 21, 1
   8              		.eabi_attribute 23, 3
   9              		.eabi_attribute 24, 1
  10              		.eabi_attribute 25, 1
  11              		.eabi_attribute 26, 1
  12              		.eabi_attribute 30, 1
  13              		.eabi_attribute 34, 1
  14              		.eabi_attribute 18, 4
  15              		.file	"lidar.c"
  16              		.text
  17              	.Ltext0:
  18              		.cfi_sections	.debug_frame
  19              		.section	.text.Lidar_Checksum,"ax",%progbits
  20              		.align	1
  21              		.syntax unified
  22              		.thumb
  23              		.thumb_func
  25              	Lidar_Checksum:
  26              	.LFB135:
  27              		.file 1 "Core/Src/lidar.c"
   1:Core/Src/lidar.c **** #include "lidar.h"
   2:Core/Src/lidar.c **** 
   3:Core/Src/lidar.c **** uint8_t Lidar_Rx_Buffer[9];
   4:Core/Src/lidar.c **** uint16_t Lidar_Distance;
   5:Core/Src/lidar.c **** uint16_t Lidar_Strength;
   6:Core/Src/lidar.c **** uint16_t Lidar_Temperature;
   7:Core/Src/lidar.c **** 
   8:Core/Src/lidar.c **** static uint8_t Lidar_Checksum(void);
   9:Core/Src/lidar.c **** 
  10:Core/Src/lidar.c **** void Lidar_Init(void)
  11:Core/Src/lidar.c **** {
  12:Core/Src/lidar.c ****     // UART2 -LIDAR
  13:Core/Src/lidar.c **** 	if (HAL_UART_Receive_DMA(&LIDAR_MODULE, (uint8_t *)Lidar_Rx_Buffer, 9) != HAL_OK)
  14:Core/Src/lidar.c ****     {
  15:Core/Src/lidar.c **** 		Error_Handler();
  16:Core/Src/lidar.c **** 	}
  17:Core/Src/lidar.c ****     
  18:Core/Src/lidar.c **** 	// Liadar  ON
  19:Core/Src/lidar.c **** 	HAL_GPIO_WritePin(Lidar_ONOFF_GPIO_Port, Lidar_ONOFF_Pin, GPIO_PIN_SET);
  20:Core/Src/lidar.c **** }
  21:Core/Src/lidar.c **** 
  22:Core/Src/lidar.c **** void Lidar_Receive_Data(void)
  23:Core/Src/lidar.c **** {
  24:Core/Src/lidar.c ****     if(LIDAR_CHECKSUM_OK == Lidar_Checksum())
  25:Core/Src/lidar.c ****     {
  26:Core/Src/lidar.c ****         Lidar_Distance = (Lidar_Rx_Buffer[2] | (Lidar_Rx_Buffer[3] << 8))&(0xFFFF);
  27:Core/Src/lidar.c ****         Lidar_Strength = (Lidar_Rx_Buffer[4] | (Lidar_Rx_Buffer[5] << 8))&(0xFFFF);
  28:Core/Src/lidar.c ****         Lidar_Temperature = (Lidar_Rx_Buffer[6] | (Lidar_Rx_Buffer[7] << 8))&(0xFFFF);
  29:Core/Src/lidar.c ****     }
  30:Core/Src/lidar.c **** }
  31:Core/Src/lidar.c **** 
ARM GAS  C:\Users\jisu8\AppData\Local\Temp\ccWzkhYt.s 			page 2


  32:Core/Src/lidar.c **** static uint8_t Lidar_Checksum(void)
  33:Core/Src/lidar.c **** {
  28              		.loc 1 33 1 view -0
  29              		.cfi_startproc
  30              		@ args = 0, pretend = 0, frame = 0
  31              		@ frame_needed = 0, uses_anonymous_args = 0
  32              		@ link register save eliminated.
  34:Core/Src/lidar.c ****     uint16_t checksum = 0;
  33              		.loc 1 34 5 view .LVU1
  34              	.LVL0:
  35:Core/Src/lidar.c ****     for(uint8_t i = 0; i < 8; i++)
  35              		.loc 1 35 5 view .LVU2
  36              	.LBB2:
  37              		.loc 1 35 9 view .LVU3
  38              		.loc 1 35 17 is_stmt 0 view .LVU4
  39 0000 0023     		movs	r3, #0
  40              	.LBE2:
  34:Core/Src/lidar.c ****     uint16_t checksum = 0;
  41              		.loc 1 34 14 view .LVU5
  42 0002 1A46     		mov	r2, r3
  43              	.LBB3:
  44              		.loc 1 35 5 view .LVU6
  45 0004 05E0     		b	.L2
  46              	.LVL1:
  47              	.L3:
  36:Core/Src/lidar.c ****     {
  37:Core/Src/lidar.c ****         checksum += Lidar_Rx_Buffer[i];
  48              		.loc 1 37 9 is_stmt 1 discriminator 3 view .LVU7
  49              		.loc 1 37 36 is_stmt 0 discriminator 3 view .LVU8
  50 0006 0849     		ldr	r1, .L7
  51 0008 C95C     		ldrb	r1, [r1, r3]	@ zero_extendqisi2
  52              		.loc 1 37 18 discriminator 3 view .LVU9
  53 000a 0A44     		add	r2, r2, r1
  54              	.LVL2:
  55              		.loc 1 37 18 discriminator 3 view .LVU10
  56 000c 92B2     		uxth	r2, r2
  57              	.LVL3:
  35:Core/Src/lidar.c ****     for(uint8_t i = 0; i < 8; i++)
  58              		.loc 1 35 31 is_stmt 1 discriminator 3 view .LVU11
  35:Core/Src/lidar.c ****     for(uint8_t i = 0; i < 8; i++)
  59              		.loc 1 35 32 is_stmt 0 discriminator 3 view .LVU12
  60 000e 0133     		adds	r3, r3, #1
  61              	.LVL4:
  35:Core/Src/lidar.c ****     for(uint8_t i = 0; i < 8; i++)
  62              		.loc 1 35 32 discriminator 3 view .LVU13
  63 0010 DBB2     		uxtb	r3, r3
  64              	.LVL5:
  65              	.L2:
  35:Core/Src/lidar.c ****     for(uint8_t i = 0; i < 8; i++)
  66              		.loc 1 35 24 is_stmt 1 discriminator 1 view .LVU14
  35:Core/Src/lidar.c ****     for(uint8_t i = 0; i < 8; i++)
  67              		.loc 1 35 5 is_stmt 0 discriminator 1 view .LVU15
  68 0012 072B     		cmp	r3, #7
  69 0014 F7D9     		bls	.L3
  70              	.LBE3:
  38:Core/Src/lidar.c ****     }
  39:Core/Src/lidar.c **** 
ARM GAS  C:\Users\jisu8\AppData\Local\Temp\ccWzkhYt.s 			page 3


  40:Core/Src/lidar.c ****     if(Lidar_Rx_Buffer[8] == (checksum&0xFF))
  71              		.loc 1 40 5 is_stmt 1 view .LVU16
  72              		.loc 1 40 23 is_stmt 0 view .LVU17
  73 0016 044B     		ldr	r3, .L7
  74              	.LVL6:
  75              		.loc 1 40 23 view .LVU18
  76 0018 1B7A     		ldrb	r3, [r3, #8]	@ zero_extendqisi2
  77              		.loc 1 40 39 view .LVU19
  78 001a D2B2     		uxtb	r2, r2
  79              	.LVL7:
  80              		.loc 1 40 7 view .LVU20
  81 001c 9342     		cmp	r3, r2
  82 001e 01D0     		beq	.L6
  41:Core/Src/lidar.c ****     {
  42:Core/Src/lidar.c ****         return LIDAR_CHECKSUM_OK;
  43:Core/Src/lidar.c ****     }
  44:Core/Src/lidar.c ****     else
  45:Core/Src/lidar.c ****     {
  46:Core/Src/lidar.c ****         return LIDAR_CHECKSUM_FAIL;
  83              		.loc 1 46 16 view .LVU21
  84 0020 0020     		movs	r0, #0
  47:Core/Src/lidar.c ****     }
  48:Core/Src/lidar.c **** }...
  85              		.loc 1 48 1 view .LVU22
  86 0022 7047     		bx	lr
  87              	.L6:
  42:Core/Src/lidar.c ****         return LIDAR_CHECKSUM_OK;
  88              		.loc 1 42 16 view .LVU23
  89 0024 0120     		movs	r0, #1
  90 0026 7047     		bx	lr
  91              	.L8:
  92              		.align	2
  93              	.L7:
  94 0028 00000000 		.word	.LANCHOR0
  95              		.cfi_endproc
  96              	.LFE135:
  98              		.section	.text.Lidar_Init,"ax",%progbits
  99              		.align	1
 100              		.global	Lidar_Init
 101              		.syntax unified
 102              		.thumb
 103              		.thumb_func
 105              	Lidar_Init:
 106              	.LFB133:
  11:Core/Src/lidar.c **** {
 107              		.loc 1 11 1 is_stmt 1 view -0
 108              		.cfi_startproc
 109              		@ args = 0, pretend = 0, frame = 0
 110              		@ frame_needed = 0, uses_anonymous_args = 0
 111 0000 08B5     		push	{r3, lr}
 112              	.LCFI0:
 113              		.cfi_def_cfa_offset 8
 114              		.cfi_offset 3, -8
 115              		.cfi_offset 14, -4
  13:Core/Src/lidar.c **** 	if (HAL_UART_Receive_DMA(&LIDAR_MODULE, (uint8_t *)Lidar_Rx_Buffer, 9) != HAL_OK)
 116              		.loc 1 13 2 view .LVU25
  13:Core/Src/lidar.c **** 	if (HAL_UART_Receive_DMA(&LIDAR_MODULE, (uint8_t *)Lidar_Rx_Buffer, 9) != HAL_OK)
ARM GAS  C:\Users\jisu8\AppData\Local\Temp\ccWzkhYt.s 			page 4


 117              		.loc 1 13 6 is_stmt 0 view .LVU26
 118 0002 0922     		movs	r2, #9
 119 0004 0749     		ldr	r1, .L13
 120 0006 0848     		ldr	r0, .L13+4
 121 0008 FFF7FEFF 		bl	HAL_UART_Receive_DMA
 122              	.LVL8:
  13:Core/Src/lidar.c **** 	if (HAL_UART_Receive_DMA(&LIDAR_MODULE, (uint8_t *)Lidar_Rx_Buffer, 9) != HAL_OK)
 123              		.loc 1 13 5 view .LVU27
 124 000c 30B9     		cbnz	r0, .L12
 125              	.L10:
  19:Core/Src/lidar.c **** 	HAL_GPIO_WritePin(Lidar_ONOFF_GPIO_Port, Lidar_ONOFF_Pin, GPIO_PIN_SET);
 126              		.loc 1 19 2 is_stmt 1 view .LVU28
 127 000e 0122     		movs	r2, #1
 128 0010 1021     		movs	r1, #16
 129 0012 4FF09040 		mov	r0, #1207959552
 130 0016 FFF7FEFF 		bl	HAL_GPIO_WritePin
 131              	.LVL9:
  20:Core/Src/lidar.c **** }
 132              		.loc 1 20 1 is_stmt 0 view .LVU29
 133 001a 08BD     		pop	{r3, pc}
 134              	.L12:
  15:Core/Src/lidar.c **** 		Error_Handler();
 135              		.loc 1 15 3 is_stmt 1 view .LVU30
 136 001c FFF7FEFF 		bl	Error_Handler
 137              	.LVL10:
 138 0020 F5E7     		b	.L10
 139              	.L14:
 140 0022 00BF     		.align	2
 141              	.L13:
 142 0024 00000000 		.word	.LANCHOR0
 143 0028 00000000 		.word	huart2
 144              		.cfi_endproc
 145              	.LFE133:
 147              		.section	.text.Lidar_Receive_Data,"ax",%progbits
 148              		.align	1
 149              		.global	Lidar_Receive_Data
 150              		.syntax unified
 151              		.thumb
 152              		.thumb_func
 154              	Lidar_Receive_Data:
 155              	.LFB134:
  23:Core/Src/lidar.c **** {
 156              		.loc 1 23 1 view -0
 157              		.cfi_startproc
 158              		@ args = 0, pretend = 0, frame = 0
 159              		@ frame_needed = 0, uses_anonymous_args = 0
 160 0000 08B5     		push	{r3, lr}
 161              	.LCFI1:
 162              		.cfi_def_cfa_offset 8
 163              		.cfi_offset 3, -8
 164              		.cfi_offset 14, -4
  24:Core/Src/lidar.c ****     if(LIDAR_CHECKSUM_OK == Lidar_Checksum())
 165              		.loc 1 24 5 view .LVU32
  24:Core/Src/lidar.c ****     if(LIDAR_CHECKSUM_OK == Lidar_Checksum())
 166              		.loc 1 24 29 is_stmt 0 view .LVU33
 167 0002 FFF7FEFF 		bl	Lidar_Checksum
 168              	.LVL11:
ARM GAS  C:\Users\jisu8\AppData\Local\Temp\ccWzkhYt.s 			page 5


  24:Core/Src/lidar.c ****     if(LIDAR_CHECKSUM_OK == Lidar_Checksum())
 169              		.loc 1 24 7 view .LVU34
 170 0006 0128     		cmp	r0, #1
 171 0008 00D0     		beq	.L18
 172              	.L15:
  30:Core/Src/lidar.c **** }
 173              		.loc 1 30 1 view .LVU35
 174 000a 08BD     		pop	{r3, pc}
 175              	.L18:
  26:Core/Src/lidar.c ****         Lidar_Distance = (Lidar_Rx_Buffer[2] | (Lidar_Rx_Buffer[3] << 8))&(0xFFFF);
 176              		.loc 1 26 9 is_stmt 1 view .LVU36
  26:Core/Src/lidar.c ****         Lidar_Distance = (Lidar_Rx_Buffer[2] | (Lidar_Rx_Buffer[3] << 8))&(0xFFFF);
 177              		.loc 1 26 42 is_stmt 0 view .LVU37
 178 000c 094B     		ldr	r3, .L19
 179 000e 9A78     		ldrb	r2, [r3, #2]	@ zero_extendqisi2
  26:Core/Src/lidar.c ****         Lidar_Distance = (Lidar_Rx_Buffer[2] | (Lidar_Rx_Buffer[3] << 8))&(0xFFFF);
 180              		.loc 1 26 64 view .LVU38
 181 0010 D978     		ldrb	r1, [r3, #3]	@ zero_extendqisi2
  26:Core/Src/lidar.c ****         Lidar_Distance = (Lidar_Rx_Buffer[2] | (Lidar_Rx_Buffer[3] << 8))&(0xFFFF);
 182              		.loc 1 26 46 view .LVU39
 183 0012 42EA0122 		orr	r2, r2, r1, lsl #8
  26:Core/Src/lidar.c ****         Lidar_Distance = (Lidar_Rx_Buffer[2] | (Lidar_Rx_Buffer[3] << 8))&(0xFFFF);
 184              		.loc 1 26 24 view .LVU40
 185 0016 0849     		ldr	r1, .L19+4
 186 0018 0A80     		strh	r2, [r1]	@ movhi
  27:Core/Src/lidar.c ****         Lidar_Strength = (Lidar_Rx_Buffer[4] | (Lidar_Rx_Buffer[5] << 8))&(0xFFFF);
 187              		.loc 1 27 9 is_stmt 1 view .LVU41
  27:Core/Src/lidar.c ****         Lidar_Strength = (Lidar_Rx_Buffer[4] | (Lidar_Rx_Buffer[5] << 8))&(0xFFFF);
 188              		.loc 1 27 42 is_stmt 0 view .LVU42
 189 001a 1A79     		ldrb	r2, [r3, #4]	@ zero_extendqisi2
  27:Core/Src/lidar.c ****         Lidar_Strength = (Lidar_Rx_Buffer[4] | (Lidar_Rx_Buffer[5] << 8))&(0xFFFF);
 190              		.loc 1 27 64 view .LVU43
 191 001c 5979     		ldrb	r1, [r3, #5]	@ zero_extendqisi2
  27:Core/Src/lidar.c ****         Lidar_Strength = (Lidar_Rx_Buffer[4] | (Lidar_Rx_Buffer[5] << 8))&(0xFFFF);
 192              		.loc 1 27 46 view .LVU44
 193 001e 42EA0122 		orr	r2, r2, r1, lsl #8
  27:Core/Src/lidar.c ****         Lidar_Strength = (Lidar_Rx_Buffer[4] | (Lidar_Rx_Buffer[5] << 8))&(0xFFFF);
 194              		.loc 1 27 24 view .LVU45
 195 0022 0649     		ldr	r1, .L19+8
 196 0024 0A80     		strh	r2, [r1]	@ movhi
  28:Core/Src/lidar.c ****         Lidar_Temperature = (Lidar_Rx_Buffer[6] | (Lidar_Rx_Buffer[7] << 8))&(0xFFFF);
 197              		.loc 1 28 9 is_stmt 1 view .LVU46
  28:Core/Src/lidar.c ****         Lidar_Temperature = (Lidar_Rx_Buffer[6] | (Lidar_Rx_Buffer[7] << 8))&(0xFFFF);
 198              		.loc 1 28 45 is_stmt 0 view .LVU47
 199 0026 9A79     		ldrb	r2, [r3, #6]	@ zero_extendqisi2
  28:Core/Src/lidar.c ****         Lidar_Temperature = (Lidar_Rx_Buffer[6] | (Lidar_Rx_Buffer[7] << 8))&(0xFFFF);
 200              		.loc 1 28 67 view .LVU48
 201 0028 DB79     		ldrb	r3, [r3, #7]	@ zero_extendqisi2
  28:Core/Src/lidar.c ****         Lidar_Temperature = (Lidar_Rx_Buffer[6] | (Lidar_Rx_Buffer[7] << 8))&(0xFFFF);
 202              		.loc 1 28 49 view .LVU49
 203 002a 42EA0323 		orr	r3, r2, r3, lsl #8
  28:Core/Src/lidar.c ****         Lidar_Temperature = (Lidar_Rx_Buffer[6] | (Lidar_Rx_Buffer[7] << 8))&(0xFFFF);
 204              		.loc 1 28 27 view .LVU50
 205 002e 044A     		ldr	r2, .L19+12
 206 0030 1380     		strh	r3, [r2]	@ movhi
  30:Core/Src/lidar.c **** }
 207              		.loc 1 30 1 view .LVU51
ARM GAS  C:\Users\jisu8\AppData\Local\Temp\ccWzkhYt.s 			page 6


 208 0032 EAE7     		b	.L15
 209              	.L20:
 210              		.align	2
 211              	.L19:
 212 0034 00000000 		.word	.LANCHOR0
 213 0038 00000000 		.word	.LANCHOR1
 214 003c 00000000 		.word	.LANCHOR2
 215 0040 00000000 		.word	.LANCHOR3
 216              		.cfi_endproc
 217              	.LFE134:
 219              		.global	Lidar_Temperature
 220              		.global	Lidar_Strength
 221              		.global	Lidar_Distance
 222              		.global	Lidar_Rx_Buffer
 223              		.section	.bss.Lidar_Distance,"aw",%nobits
 224              		.align	1
 225              		.set	.LANCHOR1,. + 0
 228              	Lidar_Distance:
 229 0000 0000     		.space	2
 230              		.section	.bss.Lidar_Rx_Buffer,"aw",%nobits
 231              		.align	2
 232              		.set	.LANCHOR0,. + 0
 235              	Lidar_Rx_Buffer:
 236 0000 00000000 		.space	9
 236      00000000 
 236      00
 237              		.section	.bss.Lidar_Strength,"aw",%nobits
 238              		.align	1
 239              		.set	.LANCHOR2,. + 0
 242              	Lidar_Strength:
 243 0000 0000     		.space	2
 244              		.section	.bss.Lidar_Temperature,"aw",%nobits
 245              		.align	1
 246              		.set	.LANCHOR3,. + 0
 249              	Lidar_Temperature:
 250 0000 0000     		.space	2
 251              		.text
 252              	.Letext0:
 253              		.file 2 "d:\\3.tools\\arm_gcc_toolchain\\arm-none-eabi\\include\\machine\\_default_types.h"
 254              		.file 3 "d:\\3.tools\\arm_gcc_toolchain\\arm-none-eabi\\include\\sys\\_stdint.h"
 255              		.file 4 "Drivers/CMSIS/Device/ST/STM32F3xx/Include/stm32f303xc.h"
 256              		.file 5 "Drivers/STM32F3xx_HAL_Driver/Inc/stm32f3xx_hal_def.h"
 257              		.file 6 "Drivers/STM32F3xx_HAL_Driver/Inc/stm32f3xx_hal_gpio.h"
 258              		.file 7 "Drivers/STM32F3xx_HAL_Driver/Inc/stm32f3xx_hal_dma.h"
 259              		.file 8 "Drivers/STM32F3xx_HAL_Driver/Inc/stm32f3xx_hal_uart.h"
 260              		.file 9 "Core/Inc/main.h"
 261              		.file 10 "Core/Inc/lidar.h"
ARM GAS  C:\Users\jisu8\AppData\Local\Temp\ccWzkhYt.s 			page 7


DEFINED SYMBOLS
                            *ABS*:00000000 lidar.c
C:\Users\jisu8\AppData\Local\Temp\ccWzkhYt.s:20     .text.Lidar_Checksum:00000000 $t
C:\Users\jisu8\AppData\Local\Temp\ccWzkhYt.s:25     .text.Lidar_Checksum:00000000 Lidar_Checksum
C:\Users\jisu8\AppData\Local\Temp\ccWzkhYt.s:94     .text.Lidar_Checksum:00000028 $d
C:\Users\jisu8\AppData\Local\Temp\ccWzkhYt.s:99     .text.Lidar_Init:00000000 $t
C:\Users\jisu8\AppData\Local\Temp\ccWzkhYt.s:105    .text.Lidar_Init:00000000 Lidar_Init
C:\Users\jisu8\AppData\Local\Temp\ccWzkhYt.s:142    .text.Lidar_Init:00000024 $d
C:\Users\jisu8\AppData\Local\Temp\ccWzkhYt.s:148    .text.Lidar_Receive_Data:00000000 $t
C:\Users\jisu8\AppData\Local\Temp\ccWzkhYt.s:154    .text.Lidar_Receive_Data:00000000 Lidar_Receive_Data
C:\Users\jisu8\AppData\Local\Temp\ccWzkhYt.s:212    .text.Lidar_Receive_Data:00000034 $d
C:\Users\jisu8\AppData\Local\Temp\ccWzkhYt.s:249    .bss.Lidar_Temperature:00000000 Lidar_Temperature
C:\Users\jisu8\AppData\Local\Temp\ccWzkhYt.s:242    .bss.Lidar_Strength:00000000 Lidar_Strength
C:\Users\jisu8\AppData\Local\Temp\ccWzkhYt.s:228    .bss.Lidar_Distance:00000000 Lidar_Distance
C:\Users\jisu8\AppData\Local\Temp\ccWzkhYt.s:235    .bss.Lidar_Rx_Buffer:00000000 Lidar_Rx_Buffer
C:\Users\jisu8\AppData\Local\Temp\ccWzkhYt.s:224    .bss.Lidar_Distance:00000000 $d
C:\Users\jisu8\AppData\Local\Temp\ccWzkhYt.s:231    .bss.Lidar_Rx_Buffer:00000000 $d
C:\Users\jisu8\AppData\Local\Temp\ccWzkhYt.s:238    .bss.Lidar_Strength:00000000 $d
C:\Users\jisu8\AppData\Local\Temp\ccWzkhYt.s:245    .bss.Lidar_Temperature:00000000 $d

UNDEFINED SYMBOLS
HAL_UART_Receive_DMA
HAL_GPIO_WritePin
Error_Handler
huart2
